<?xml version="1.0" encoding="UTF-8"?>
<!-- Generated by org.testng.reporters.JUnitXMLReporter -->
<testsuite hostname="WS003LT1020PRD" ignored="4" name="Test" tests="8" failures="0" timestamp="08 May 2017 11:30:41 GMT" time="0.048" errors="0">
  <testcase name="testA" time="0.005" classname="com.qsp.testng.DemoA"/>
  <testcase name="testA" time="0.001" classname="com.qsp.testng.DemoA"/>
  <testcase name="testA" time="0.0" classname="com.qsp.testng.DemoA"/>
  <testcase name="testA" time="0.001" classname="com.qsp.testng.DemoA"/>
  <testcase name="testA" time="0.002" classname="com.qsp.testng.DemoA"/>
  <testcase name="testA" time="0.001" classname="com.qsp.testng.DemoA"/>
  <testcase name="testC" time="0.002" classname="com.qsp.testng.DemoB"/>
  <testcase name="testB" time="0.002" classname="com.qsp.testng.DemoB"/>
  <testcase name="@BeforeSuite m7" time="0.0" classname="com.qsp.testng.BaseTest">
    <ignored/>
  </testcase> <!-- @BeforeSuite m7 -->
  <testcase name="@AfterSuite m8" time="0.0" classname="com.qsp.testng.BaseTest">
    <ignored/>
  </testcase> <!-- @AfterSuite m8 -->
  <testcase name="@BeforeTest m5" time="0.0" classname="com.qsp.testng.BaseTest">
    <ignored/>
  </testcase> <!-- @BeforeTest m5 -->
  <testcase name="@AfterTest m6" time="0.0" classname="com.qsp.testng.BaseTest">
    <ignored/>
  </testcase> <!-- @AfterTest m6 -->
</testsuite> <!-- Test -->
