<?xml version="1.0" encoding="UTF-8"?>
<!-- Generated by org.testng.reporters.JUnitXMLReporter -->
<testsuite hostname="W1650021" ignored="0" name="Test" tests="4" failures="0" timestamp="22 Jan 2018 15:14:13 GMT" time="37.033" errors="0">
  <testcase name="test_login1" time="1.277" classname="com.bank.test.Test1_Login"/>
  <testcase name="test_login1" time="0.726" classname="com.bank.test.Test1_Login"/>
  <testcase name="test_login1" time="0.817" classname="com.bank.test.Test1_Login"/>
  <testcase name="test_login1" time="0.832" classname="com.bank.test.Test1_Login"/>
</testsuite> <!-- Test -->
